<?xml version="1.0" encoding="UTF-8"?>
<!-- Generated by org.testng.reporters.JUnitReportReporter -->
<testsuite hostname="DESKTOP-4KH133D" failures="0" tests="3" name="com.selenium_test.TestOne" time="0.005" errors="0" timestamp="2023-03-21T19:46:31 GMT-07:00" skipped="0">
  <testcase classname="com.selenium_test.TestOne" name="testtwo" time="0.001"/>
  <system-out/>
  <testcase classname="com.selenium_test.TestOne" name="testfive" time="0.003"/>
  <system-out/>
  <testcase classname="com.selenium_test.TestOne" name="testthree" time="0.001"/>
  <system-out/>
</testsuite> <!-- com.selenium_test.TestOne -->
